TN:test
SF:/Users/georgiy/C7_BrickGame_v1.0-1/src/brick_game/tetris/tetris.c
FN:110,138,start
FN:140,161,deinit
FN:16,66,userInput
FN:163,172,create_figure
FN:174,182,find_borders
FN:184,195,find_up_border
FN:198,209,find_down_border
FN:212,223,find_right_border
FN:226,237,find_left_border
FN:240,269,can_move_down
FN:271,275,move_figure
FN:277,306,can_move_right
FN:308,312,move_right
FN:314,343,can_move_left
FN:345,349,move_left
FN:351,380,can_spin
FN:382,394,spin
FN:396,410,spawn
FN:412,423,clean
FN:425,438,fill
FN:440,449,check_lines
FN:451,456,row_is_complete
FN:459,475,destroy_row
FN:477,480,update_score
FN:482,489,update_high_score
FN:491,498,read_highscore
FN:501,506,update_level
FN:508,508,get_screen_state
FN:510,510,get_figure_info
FN:68,86,updateCurrentState
FN:89,108,init
FNDA:26,start
FNDA:18,deinit
FNDA:28,userInput
FNDA:57,create_figure
FNDA:43,find_borders
FNDA:52,find_up_border
FNDA:52,find_down_border
FNDA:52,find_right_border
FNDA:52,find_left_border
FNDA:190,can_move_down
FNDA:175,move_figure
FNDA:12,can_move_right
FNDA:10,move_right
FNDA:14,can_move_left
FNDA:12,move_left
FNDA:9,can_spin
FNDA:12,spin
FNDA:5,spawn
FNDA:209,clean
FNDA:209,fill
FNDA:2,check_lines
FNDA:3,row_is_complete
FNDA:0,destroy_row
FNDA:6,update_score
FNDA:0,update_high_score
FNDA:26,read_highscore
FNDA:6,update_level
FNDA:2,get_screen_state
FNDA:289,get_figure_info
FNDA:1239562,updateCurrentState
FNDA:18,init
FNF:31
FNH:29
DA:16,28
DA:17,28
DA:18,28
DA:20,3
DA:21,3
DA:22,2
DA:23,0
DA:24,0
DA:26,0
DA:27,2
DA:28,2
DA:29,3
DA:31,3
DA:32,3
DA:33,2
DA:34,2
DA:35,3
DA:37,5
DA:38,4
DA:39,4
DA:40,5
DA:42,74
DA:43,65
DA:44,64
DA:46,5
DA:48,1
DA:49,1
DA:51,3
DA:52,1
DA:53,1
DA:54,2
DA:56,3
DA:58,8
DA:59,8
DA:60,8
DA:61,8
DA:62,8
DA:64,0
DA:66,28
DA:68,1239562
DA:69,1239562
DA:70,1239556
DA:71,5
DA:72,3
DA:73,3
DA:74,3
DA:75,4
DA:76,2
DA:77,2
DA:78,2
DA:79,2
DA:80,0
DA:81,0
DA:82,2
DA:85,5
DA:86,1239562
DA:89,18
DA:90,18
DA:91,90
DA:92,72
DA:93,360
DA:94,288
DA:95,288
DA:96,72
DA:97,18
DA:98,90
DA:99,72
DA:100,360
DA:101,288
DA:102,288
DA:103,72
DA:104,18
DA:105,378
DA:106,360
DA:107,360
DA:108,18
DA:110,26
DA:111,26
DA:112,26
DA:113,26
DA:114,26
DA:115,26
DA:116,26
DA:117,546
DA:118,5720
DA:119,5200
DA:120,5200
DA:121,520
DA:122,26
DA:123,26
DA:124,26
DA:125,26
DA:126,26
DA:127,26
DA:128,26
DA:129,130
DA:130,104
DA:131,520
DA:132,416
DA:133,416
DA:134,104
DA:135,26
DA:136,26
DA:137,26
DA:138,26
DA:140,18
DA:141,90
DA:142,360
DA:143,288
DA:144,288
DA:145,72
DA:146,72
DA:147,18
DA:149,90
DA:150,360
DA:151,288
DA:152,288
DA:153,72
DA:154,72
DA:155,18
DA:157,378
DA:158,360
DA:159,360
DA:160,18
DA:161,18
DA:163,57
DA:164,57
DA:165,285
DA:166,1140
DA:167,4560
DA:168,3648
DA:169,3648
DA:170,912
DA:171,228
DA:172,57
DA:174,43
DA:175,43
DA:176,43
DA:177,43
DA:178,43
DA:179,43
DA:180,43
DA:181,43
DA:182,43
DA:184,52
DA:185,52
DA:186,52
DA:187,111
DA:188,205
DA:189,146
DA:190,52
DA:191,52
DA:192,52
DA:193,146
DA:194,59
DA:195,52
DA:198,52
DA:199,52
DA:200,52
DA:201,192
DA:202,557
DA:203,417
DA:204,52
DA:205,52
DA:206,52
DA:207,417
DA:208,140
DA:209,52
DA:212,52
DA:213,52
DA:214,52
DA:215,159
DA:216,406
DA:217,299
DA:218,52
DA:219,52
DA:220,52
DA:221,299
DA:222,107
DA:223,52
DA:226,52
DA:227,52
DA:228,52
DA:229,110
DA:230,177
DA:231,119
DA:232,52
DA:233,52
DA:234,52
DA:235,119
DA:236,58
DA:237,52
DA:240,190
DA:241,190
DA:242,190
DA:243,190
DA:244,190
DA:245,732
DA:246,366
DA:247,183
DA:248,1522
DA:249,761
DA:250,1156
DA:251,1156
DA:252,0
DA:253,0
DA:254,0
DA:255,0
DA:256,0
DA:257,1156
DA:258,1156
DA:259,578
DA:260,0
DA:261,0
DA:262,578
DA:263,5
DA:264,5
DA:265,578
DA:266,578
DA:267,183
DA:268,183
DA:269,190
DA:271,175
DA:272,175
DA:273,175
DA:274,175
DA:275,175
DA:277,12
DA:278,12
DA:279,12
DA:280,12
DA:281,12
DA:282,48
DA:283,24
DA:284,13
DA:285,78
DA:286,39
DA:287,54
DA:288,52
DA:289,2
DA:290,4
DA:291,4
DA:292,2
DA:293,2
DA:294,56
DA:295,52
DA:296,24
DA:297,8
DA:298,8
DA:299,22
DA:300,2
DA:301,2
DA:302,22
DA:303,26
DA:304,13
DA:305,11
DA:306,12
DA:308,10
DA:309,10
DA:310,10
DA:311,10
DA:312,10
DA:314,14
DA:315,14
DA:316,14
DA:317,14
DA:318,14
DA:319,22
DA:320,11
DA:321,0
DA:322,0
DA:323,0
DA:324,0
DA:325,0
DA:326,0
DA:327,0
DA:328,0
DA:329,0
DA:330,0
DA:331,0
DA:332,0
DA:333,0
DA:334,0
DA:335,0
DA:336,0
DA:337,0
DA:338,0
DA:339,0
DA:340,0
DA:341,0
DA:342,11
DA:343,14
DA:345,12
DA:346,12
DA:347,12
DA:348,12
DA:349,12
DA:351,9
DA:352,9
DA:353,9
DA:354,9
DA:355,9
DA:356,9
DA:357,9
DA:358,9
DA:359,9
DA:360,9
DA:361,9
DA:362,0
DA:363,0
DA:364,9
DA:365,9
DA:366,32
DA:367,23
DA:368,23
DA:369,154
DA:370,77
DA:371,71
DA:372,27
DA:373,34
DA:374,34
DA:375,0
DA:376,0
DA:377,54
DA:378,23
DA:379,9
DA:380,9
DA:382,12
DA:383,12
DA:384,12
DA:385,12
DA:386,12
DA:387,12
DA:388,0
DA:389,0
DA:390,12
DA:391,0
DA:392,0
DA:393,12
DA:394,12
DA:396,5
DA:397,5
DA:398,5
DA:399,5
DA:400,25
DA:401,100
DA:402,400
DA:403,320
DA:404,320
DA:405,80
DA:406,20
DA:407,5
DA:408,5
DA:409,5
DA:410,5
DA:412,209
DA:413,602
DA:414,602
DA:415,1585
DA:416,1585
DA:417,3576
DA:418,2384
DA:419,836
DA:420,836
DA:421,1192
DA:422,393
DA:423,209
DA:425,209
DA:426,209
DA:427,636
DA:428,427
DA:429,427
DA:430,1752
DA:431,1752
DA:432,1325
DA:433,836
DA:434,836
DA:435,836
DA:436,1325
DA:437,427
DA:438,209
DA:440,2
DA:441,2
DA:442,5
DA:443,3
DA:444,0
DA:445,0
DA:446,0
DA:447,3
DA:448,2
DA:449,2
DA:451,3
DA:452,3
DA:453,6
DA:454,3
DA:455,3
DA:456,3
DA:459,0
DA:460,0
DA:461,0
DA:462,0
DA:463,0
DA:464,0
DA:465,0
DA:466,0
DA:467,0
DA:468,0
DA:469,0
DA:471,0
DA:472,0
DA:473,0
DA:475,0
DA:477,6
DA:478,6
DA:479,6
DA:480,6
DA:482,0
DA:483,0
DA:484,0
DA:485,0
DA:486,0
DA:487,0
DA:488,0
DA:489,0
DA:491,26
DA:492,26
DA:493,26
DA:494,26
DA:495,26
DA:496,26
DA:497,26
DA:498,26
DA:501,6
DA:502,6
DA:503,2
DA:504,2
DA:505,2
DA:506,6
DA:508,2
DA:510,289
LF:440
LH:372
end_of_record
TN:test
SF:/Users/georgiy/C7_BrickGame_v1.0-1/src/tests/tetris_tests.c
FN:110,135,test_move_left_2_fn
FN:138,161,test_spin_1_fn
FN:164,180,test_spin_2_fn
FN:183,196,test_game_fn
FN:199,215,test_right_button_fn
FN:20,32,test_move_down_1_fn
FN:218,234,test_left_button_fn
FN:237,254,test_down_button_fn
FN:257,273,test_action_button_fn
FN:276,293,test_pause_button_fn
FN:296,303,test_terminate_button_fn
FN:306,334,test_score_and_level_fn
FN:337,348,test_high_score_fn
FN:35,50,test_move_down_2_fn
FN:351,379,tetris_suite
FN:382,396,main
FN:53,65,test_move_right_1_fn
FN:68,92,test_move_right_2_fn
FN:7,17,test_tetris_init_fn
FN:95,107,test_move_left_1_fn
FNDA:1,test_move_left_2_fn
FNDA:1,test_spin_1_fn
FNDA:1,test_spin_2_fn
FNDA:1,test_game_fn
FNDA:1,test_right_button_fn
FNDA:1,test_move_down_1_fn
FNDA:1,test_left_button_fn
FNDA:1,test_down_button_fn
FNDA:1,test_action_button_fn
FNDA:1,test_pause_button_fn
FNDA:1,test_terminate_button_fn
FNDA:1,test_score_and_level_fn
FNDA:1,test_high_score_fn
FNDA:1,test_move_down_2_fn
FNDA:19,tetris_suite
FNDA:19,main
FNDA:1,test_move_right_1_fn
FNDA:1,test_move_right_2_fn
FNDA:1,test_tetris_init_fn
FNDA:1,test_move_left_1_fn
FNF:20
FNH:20
DA:7,1
DA:8,1
DA:9,1
DA:10,1
DA:11,1
DA:12,1
DA:13,1
DA:14,1
DA:15,1
DA:16,1
DA:17,1
DA:20,1
DA:21,1
DA:22,1
DA:23,1
DA:24,1
DA:25,1
DA:26,1
DA:27,1
DA:28,1
DA:29,1
DA:30,1
DA:31,1
DA:32,1
DA:35,1
DA:36,1
DA:37,1
DA:38,20
DA:39,18
DA:40,18
DA:42,1
DA:43,1
DA:44,17
DA:45,16
DA:47,1
DA:48,1
DA:49,1
DA:50,1
DA:53,1
DA:54,1
DA:55,1
DA:56,1
DA:57,1
DA:58,1
DA:59,1
DA:60,1
DA:61,1
DA:62,1
DA:63,1
DA:64,1
DA:65,1
DA:68,1
DA:69,1
DA:70,1
DA:71,5
DA:72,3
DA:73,3
DA:75,1
DA:76,20
DA:77,18
DA:78,18
DA:80,1
DA:81,20
DA:82,18
DA:83,18
DA:85,1
DA:86,0
DA:88,1
DA:89,1
DA:90,1
DA:91,1
DA:92,1
DA:95,1
DA:96,1
DA:97,1
DA:98,1
DA:99,1
DA:100,1
DA:101,1
DA:102,1
DA:103,1
DA:104,1
DA:105,1
DA:106,1
DA:107,1
DA:110,1
DA:111,1
DA:112,1
DA:113,6
DA:114,4
DA:115,4
DA:117,1
DA:118,20
DA:119,18
DA:120,18
DA:122,1
DA:123,20
DA:124,18
DA:125,18
DA:127,5
DA:128,4
DA:130,1
DA:131,1
DA:132,1
DA:134,1
DA:135,1
DA:138,1
DA:139,1
DA:140,1
DA:141,1
DA:142,1
DA:143,1
DA:144,1
DA:145,1
DA:146,1
DA:147,1
DA:148,1
DA:149,1
DA:150,1
DA:151,1
DA:152,1
DA:153,1
DA:154,1
DA:155,1
DA:156,1
DA:157,1
DA:158,1
DA:159,1
DA:160,1
DA:161,1
DA:164,1
DA:165,1
DA:166,1
DA:167,5
DA:168,3
DA:169,3
DA:171,4
DA:172,3
DA:173,3
DA:174,3
DA:175,3
DA:176,1
DA:177,1
DA:178,1
DA:179,1
DA:180,1
DA:183,1
DA:184,1
DA:185,1
DA:186,1
DA:187,1
DA:188,4
DA:189,1239532
DA:190,1239529
DA:192,3
DA:193,3
DA:194,3
DA:195,1
DA:196,1
DA:199,1
DA:200,1
DA:201,1
DA:202,1
DA:203,1
DA:204,1
DA:205,1
DA:206,1
DA:207,1
DA:208,1
DA:209,1
DA:210,1
DA:211,1
DA:212,1
DA:213,1
DA:214,1
DA:215,1
DA:218,1
DA:219,1
DA:220,1
DA:221,1
DA:222,1
DA:223,1
DA:224,1
DA:225,1
DA:226,1
DA:227,1
DA:228,1
DA:229,1
DA:230,1
DA:231,1
DA:232,1
DA:233,1
DA:234,1
DA:237,1
DA:238,1
DA:239,1
DA:240,1
DA:241,1
DA:242,1
DA:243,1
DA:244,1
DA:245,1
DA:246,1
DA:247,1
DA:248,1
DA:249,1
DA:250,1
DA:251,1
DA:252,1
DA:253,1
DA:254,1
DA:257,1
DA:258,1
DA:259,1
DA:260,1
DA:261,1
DA:262,1
DA:263,1
DA:264,1
DA:265,1
DA:266,1
DA:267,1
DA:268,1
DA:269,1
DA:270,1
DA:271,1
DA:272,1
DA:273,1
DA:276,1
DA:277,1
DA:278,1
DA:279,1
DA:280,1
DA:281,1
DA:282,1
DA:283,1
DA:284,1
DA:285,1
DA:286,1
DA:287,1
DA:288,1
DA:289,1
DA:290,1
DA:291,1
DA:292,1
DA:293,1
DA:296,1
DA:297,1
DA:298,1
DA:299,1
DA:300,1
DA:301,1
DA:302,1
DA:303,1
DA:306,1
DA:307,1
DA:308,1
DA:309,1
DA:310,1
DA:311,1
DA:312,1
DA:313,1
DA:314,1
DA:315,1
DA:316,1
DA:317,1
DA:318,1
DA:319,1
DA:320,1
DA:321,1
DA:322,1
DA:323,1
DA:324,1
DA:325,1
DA:326,1
DA:327,1
DA:328,1
DA:329,1
DA:330,1
DA:331,1
DA:332,1
DA:333,1
DA:334,1
DA:337,1
DA:338,1
DA:339,1
DA:340,1
DA:341,1
DA:342,1
DA:343,3
DA:344,2
DA:346,1
DA:347,1
DA:348,1
DA:351,19
DA:355,19
DA:357,19
DA:359,19
DA:360,19
DA:361,19
DA:362,19
DA:363,19
DA:364,19
DA:365,19
DA:366,19
DA:367,19
DA:368,19
DA:369,19
DA:370,19
DA:371,19
DA:372,19
DA:373,19
DA:374,19
DA:375,19
DA:376,19
DA:377,19
DA:379,19
DA:382,19
DA:387,19
DA:389,19
DA:391,19
DA:393,19
DA:394,19
DA:396,19
LF:324
LH:323
end_of_record
